[16:01:06] [Client thread/INFO]: Setting user: notnotype
[16:01:07] [Client thread/INFO]: LWJGL Version: 2.9.4
[16:01:07] [Client thread/INFO]: Reloading ResourceManager: Default, Clouds-Pack (Modified for Hardcore Darkness).zip, Invictus for UraNepAdvanture 1.12.2.zip, Minecraft-Mod-Language-Modpack.zip
[16:01:08] [Sound Library Loader/INFO]: Starting up SoundSystem...
[16:01:09] [Thread-3/INFO]: Initializing LWJGL OpenAL
[16:01:09] [Thread-3/INFO]: (The LWJGL binding of OpenAL.  For more information, see http://www.lwjgl.org)
[16:01:09] [Thread-3/INFO]: OpenAL initialized.
[16:01:09] [Sound Library Loader/INFO]: Sound engine started
[16:01:10] [Client thread/INFO]: Created: 4096x4096 textures-atlas
[16:01:12] [Client thread/WARN]: ERROR : Couldn't load Narrator library : Unable to load library 'fliteWrapper': Native library (linux-x86-64/libfliteWrapper.so) not found in resource path ([file:/mnt/d/Notype/things/mc/EpicUraNepAdvanture%20-%20Public%201.12.2%20%e9%ab%98%e9%85%8d%e7%89%88/.minecraft/libraries/com/mojang/patchy/1.1/patchy-1.1.jar, file:/mnt/d/Notype/things/mc/EpicUraNepAdvanture%20-%20Public%201.12.2%20%e9%ab%98%e9%85%8d%e7%89%88/.minecraft/libraries/oshi-project/oshi-core/1.1/oshi-core-1.1.jar, file:/mnt/d/Notype/things/mc/EpicUraNepAdvanture%20-%20Public%201.12.2%20%e9%ab%98%e9%85%8d%e7%89%88/.minecraft/libraries/net/java/dev/jna/jna/4.4.0/jna-4.4.0.jar, file:/mnt/d/Notype/things/mc/EpicUraNepAdvanture%20-%20Public%201.12.2%20%e9%ab%98%e9%85%8d%e7%89%88/.minecraft/libraries/net/java/dev/jna/platform/3.4.0/platform-3.4.0.jar, file:/mnt/d/Notype/things/mc/EpicUraNepAdvanture%20-%20Public%201.12.2%20%e9%ab%98%e9%85%8d%e7%89%88/.minecraft/libraries/com/ibm/icu/icu4j-core-mojang/51.2/icu4j-core-mojang-51.2.jar, file:/mnt/d/Notype/things/mc/EpicUraNepAdvanture%20-%20Public%201.12.2%20%e9%ab%98%e9%85%8d%e7%89%88/.minecraft/libraries/net/sf/jopt-simple/jopt-simple/5.0.3/jopt-simple-5.0.3.jar, file:/mnt/d/Notype/things/mc/EpicUraNepAdvanture%20-%20Public%201.12.2%20%e9%ab%98%e9%85%8d%e7%89%88/.minecraft/libraries/com/paulscode/codecjorbis/20101023/codecjorbis-20101023.jar, file:/mnt/d/Notype/things/mc/EpicUraNepAdvanture%20-%20Public%201.12.2%20%e9%ab%98%e9%85%8d%e7%89%88/.minecraft/libraries/com/paulscode/codecwav/20101023/codecwav-20101023.jar, file:/mnt/d/Notype/things/mc/EpicUraNepAdvanture%20-%20Public%201.12.2%20%e9%ab%98%e9%85%8d%e7%89%88/.minecraft/libraries/com/paulscode/libraryjavasound/20101123/libraryjavasound-20101123.jar, file:/mnt/d/Notype/things/mc/EpicUraNepAdvanture%20-%20Public%201.12.2%20%e9%ab%98%e9%85%8d%e7%89%88/.minecraft/libraries/com/paulscode/librarylwjglopenal/20100824/librarylwjglopenal-20100824.jar, file:/mnt/d/Notype/things/mc/EpicUraNepAdvanture%20-%20Public%201.12.2%20%e9%ab%98%e9%85%8d%e7%89%88/.minecraft/libraries/com/paulscode/soundsystem/20120107/soundsystem-20120107.jar, file:/mnt/d/Notype/things/mc/EpicUraNepAdvanture%20-%20Public%201.12.2%20%e9%ab%98%e9%85%8d%e7%89%88/.minecraft/libraries/io/netty/netty-all/4.1.9.Final/netty-all-4.1.9.Final.jar, file:/mnt/d/Notype/things/mc/EpicUraNepAdvanture%20-%20Public%201.12.2%20%e9%ab%98%e9%85%8d%e7%89%88/.minecraft/libraries/com/google/guava/guava/21.0/guava-21.0.jar, file:/mnt/d/Notype/things/mc/EpicUraNepAdvanture%20-%20Public%201.12.2%20%e9%ab%98%e9%85%8d%e7%89%88/.minecraft/libraries/org/apache/commons/commons-lang3/3.5/commons-lang3-3.5.jar, file:/mnt/d/Notype/things/mc/EpicUraNepAdvanture%20-%20Public%201.12.2%20%e9%ab%98%e9%85%8d%e7%89%88/.minecraft/libraries/commons-io/commons-io/2.5/commons-io-2.5.jar, file:/mnt/d/Notype/things/mc/EpicUraNepAdvanture%20-%20Public%201.12.2%20%e9%ab%98%e9%85%8d%e7%89%88/.minecraft/libraries/commons-codec/commons-codec/1.10/commons-codec-1.10.jar, file:/mnt/d/Notype/things/mc/EpicUraNepAdvanture%20-%20Public%201.12.2%20%e9%ab%98%e9%85%8d%e7%89%88/.minecraft/libraries/net/java/jinput/jinput/2.0.5/jinput-2.0.5.jar, file:/mnt/d/Notype/things/mc/EpicUraNepAdvanture%20-%20Public%201.12.2%20%e9%ab%98%e9%85%8d%e7%89%88/.minecraft/libraries/net/java/jutils/jutils/1.0.0/jutils-1.0.0.jar, file:/mnt/d/Notype/things/mc/EpicUraNepAdvanture%20-%20Public%201.12.2%20%e9%ab%98%e9%85%8d%e7%89%88/.minecraft/libraries/com/google/code/gson/gson/2.8.0/gson-2.8.0.jar, file:/mnt/d/Notype/things/mc/EpicUraNepAdvanture%20-%20Public%201.12.2%20%e9%ab%98%e9%85%8d%e7%89%88/.minecraft/libraries/com/mojang/authlib/1.5.25/authlib-1.5.25.jar, file:/mnt/d/Notype/things/mc/EpicUraNepAdvanture%20-%20Public%201.12.2%20%e9%ab%98%e9%85%8d%e7%89%88/.minecraft/libraries/com/mojang/realms/1.10.19/realms-1.10.19.jar, file:/mnt/d/Notype/things/mc/EpicUraNepAdvanture%20-%20Public%201.12.2%20%e9%ab%98%e9%85%8d%e7%89%88/.minecraft/libraries/org/apache/commons/commons-compress/1.8.1/commons-compress-1.8.1.jar, file:/mnt/d/Notype/things/mc/EpicUraNepAdvanture%20-%20Public%201.12.2%20%e9%ab%98%e9%85%8d%e7%89%88/.minecraft/libraries/org/apache/httpcomponents/httpclient/4.3.3/httpclient-4.3.3.jar, file:/mnt/d/Notype/things/mc/EpicUraNepAdvanture%20-%20Public%201.12.2%20%e9%ab%98%e9%85%8d%e7%89%88/.minecraft/libraries/commons-logging/commons-logging/1.1.3/commons-logging-1.1.3.jar, file:/mnt/d/Notype/things/mc/EpicUraNepAdvanture%20-%20Public%201.12.2%20%e9%ab%98%e9%85%8d%e7%89%88/.minecraft/libraries/org/apache/httpcomponents/httpcore/4.3.2/httpcore-4.3.2.jar, file:/mnt/d/Notype/things/mc/EpicUraNepAdvanture%20-%20Public%201.12.2%20%e9%ab%98%e9%85%8d%e7%89%88/.minecraft/libraries/it/unimi/dsi/fastutil/7.1.0/fastutil-7.1.0.jar, file:/mnt/d/Notype/things/mc/EpicUraNepAdvanture%20-%20Public%201.12.2%20%e9%ab%98%e9%85%8d%e7%89%88/.minecraft/libraries/org/apache/logging/log4j/log4j-api/2.8.1/log4j-api-2.8.1.jar, file:/mnt/d/Notype/things/mc/EpicUraNepAdvanture%20-%20Public%201.12.2%20%e9%ab%98%e9%85%8d%e7%89%88/.minecraft/libraries/org/apache/logging/log4j/log4j-core/2.8.1/log4j-core-2.8.1.jar, file:/mnt/d/Notype/things/mc/EpicUraNepAdvanture%20-%20Public%201.12.2%20%e9%ab%98%e9%85%8d%e7%89%88/.minecraft/libraries/org/lwjgl/lwjgl/lwjgl/2.9.4-nightly-20150209/lwjgl-2.9.4-nightly-20150209.jar, file:/mnt/d/Notype/things/mc/EpicUraNepAdvanture%20-%20Public%201.12.2%20%e9%ab%98%e9%85%8d%e7%89%88/.minecraft/libraries/org/lwjgl/lwjgl/lwjgl_util/2.9.4-nightly-20150209/lwjgl_util-2.9.4-nightly-20150209.jar, file:/mnt/d/Notype/things/mc/EpicUraNepAdvanture%20-%20Public%201.12.2%20%e9%ab%98%e9%85%8d%e7%89%88/.minecraft/libraries/org/lwjgl/lwjgl/lwjgl-platform/2.9.4-nightly-20150209/lwjgl-platform-2.9.4-nightly-20150209.jar, file:/mnt/d/Notype/things/mc/EpicUraNepAdvanture%20-%20Public%201.12.2%20%e9%ab%98%e9%85%8d%e7%89%88/.minecraft/libraries/org/lwjgl/lwjgl/lwjgl/2.9.2-nightly-20140822/lwjgl-2.9.2-nightly-20140822.jar, file:/mnt/d/Notype/things/mc/EpicUraNepAdvanture%20-%20Public%201.12.2%20%e9%ab%98%e9%85%8d%e7%89%88/.minecraft/libraries/org/lwjgl/lwjgl/lwjgl_util/2.9.2-nightly-20140822/lwjgl_util-2.9.2-nightly-20140822.jar, file:/mnt/d/Notype/things/mc/EpicUraNepAdvanture%20-%20Public%201.12.2%20%e9%ab%98%e9%85%8d%e7%89%88/.minecraft/libraries/com/mojang/text2speech/1.10.3/text2speech-1.10.3.jar, file:/mnt/d/Notype/things/mc/EpicUraNepAdvanture%20-%20Public%201.12.2%20%e9%ab%98%e9%85%8d%e7%89%88/.minecraft/libraries/com/mojang/text2speech/1.10.3/text2speech-1.10.3.jar, file:/mnt/d/Notype/things/mc/EpicUraNepAdvanture%20-%20Public%201.12.2%20%e9%ab%98%e9%85%8d%e7%89%88/.minecraft/libraries/ca/weblite/java-objc-bridge/1.0.0/java-objc-bridge-1.0.0.jar, file:/mnt/d/Notype/things/mc/EpicUraNepAdvanture%20-%20Public%201.12.2%20%e9%ab%98%e9%85%8d%e7%89%88/.minecraft/libraries/ca/weblite/java-objc-bridge/1.0.0/java-objc-bridge-1.0.0.jar, file:/mnt/d/Notype/things/mc/EpicUraNepAdvanture%20-%20Public%201.12.2%20%e9%ab%98%e9%85%8d%e7%89%88/.minecraft/versions/1.12.2/1.12.2.jar, file:/home/notnotype/tiny_scripts/])
[16:01:18] [Client thread/INFO]: Connecting to 119.28.9.24, 25535
[16:01:19] [Realms Notification Availability checker #1/INFO]: Could not authorize you against Realms server: Invalid session id
[16:01:27] [Server thread/INFO]: Starting integrated minecraft server version 1.12.2
[16:01:27] [Server thread/INFO]: Generating keypair
[16:01:27] [Server thread/INFO]: Loaded 488 advancements
[16:01:27] [Server thread/INFO]: Preparing start region for level 0
[16:01:28] [Server thread/INFO]: Changing view distance to 12, from 10
[16:02:22] [Server thread/INFO]: notnotype[local:E:d1577447] logged in with entity id 31 at (22.5, 4.0, 1268.5)
[16:02:22] [Server thread/INFO]: notnotype加入了游戏
[16:02:23] [Server thread/INFO]: Saving and pausing game...
[16:02:23] [Server thread/INFO]: Saving chunks for level '新的世界的副本'/overworld
[16:02:23] [Server thread/INFO]: Saving chunks for level '新的世界的副本'/the_nether
[16:02:23] [Server thread/INFO]: Saving chunks for level '新的世界的副本'/the_end
[16:02:24] [Server thread/INFO]: Saving and pausing game...
[16:02:24] [Server thread/INFO]: Saving chunks for level '新的世界的副本'/overworld
[16:02:24] [Server thread/INFO]: Saving chunks for level '新的世界的副本'/the_nether
[16:02:24] [Server thread/INFO]: Saving chunks for level '新的世界的副本'/the_end
[16:04:06] [Server thread/INFO]: Saving and pausing game...
[16:04:06] [Server thread/INFO]: Saving chunks for level '新的世界的副本'/overworld
[16:04:06] [Server thread/INFO]: Saving chunks for level '新的世界的副本'/the_nether
[16:04:06] [Server thread/INFO]: Saving chunks for level '新的世界的副本'/the_end
[16:04:17] [Server thread/INFO]: Saving and pausing game...
[16:04:17] [Server thread/INFO]: Saving chunks for level '新的世界的副本'/overworld
[16:04:17] [Server thread/INFO]: Saving chunks for level '新的世界的副本'/the_nether
[16:04:17] [Server thread/INFO]: Saving chunks for level '新的世界的副本'/the_end
[16:04:20] [Server thread/INFO]: Saving and pausing game...
[16:04:20] [Server thread/INFO]: Saving chunks for level '新的世界的副本'/overworld
[16:04:20] [Server thread/INFO]: Saving chunks for level '新的世界的副本'/the_nether
[16:04:20] [Server thread/INFO]: Saving chunks for level '新的世界的副本'/the_end
[16:04:21] [Server thread/INFO]: Saving and pausing game...
[16:04:21] [Server thread/INFO]: Saving chunks for level '新的世界的副本'/overworld
[16:04:21] [Server thread/INFO]: Saving chunks for level '新的世界的副本'/the_nether
[16:04:21] [Server thread/INFO]: Saving chunks for level '新的世界的副本'/the_end
[16:04:22] [Server thread/INFO]: Saving and pausing game...
[16:04:22] [Server thread/INFO]: Saving chunks for level '新的世界的副本'/overworld
[16:04:22] [Server thread/INFO]: Saving chunks for level '新的世界的副本'/the_nether
[16:04:22] [Server thread/INFO]: Saving chunks for level '新的世界的副本'/the_end
[16:04:25] [Client thread/WARN]: Unable to play empty soundEvent: minecraft:entity.small_slime.jump
[16:04:25] [Client thread/WARN]: Unable to play empty soundEvent: minecraft:entity.small_slime.squish
[16:04:37] [Server thread/INFO]: Saving and pausing game...
[16:04:37] [Server thread/INFO]: Saving chunks for level '新的世界的副本'/overworld
[16:04:37] [Server thread/INFO]: Saving chunks for level '新的世界的副本'/the_nether
[16:04:37] [Server thread/INFO]: Saving chunks for level '新的世界的副本'/the_end
[16:04:40] [Server thread/INFO]: Changing view distance to 32, from 12
[16:06:35] [Server thread/INFO]: Saving and pausing game...
[16:06:35] [Server thread/INFO]: Saving chunks for level '新的世界的副本'/overworld
[16:06:35] [Server thread/INFO]: Saving chunks for level '新的世界的副本'/the_nether
[16:06:35] [Server thread/INFO]: Saving chunks for level '新的世界的副本'/the_end
[16:07:03] [Server thread/INFO]: Stopping server
[16:07:03] [Server thread/INFO]: Saving players
[16:07:03] [Server thread/INFO]: notnotype lost connection: 连接中止
[16:07:03] [Server thread/INFO]: notnotype退出了游戏
[16:07:03] [Server thread/INFO]: Stopping singleplayer server as player logged out
[16:07:03] [Server thread/INFO]: Saving worlds
[16:07:03] [Server thread/INFO]: Saving chunks for level '新的世界的副本'/overworld
[16:07:03] [Server thread/INFO]: Saving chunks for level '新的世界的副本'/the_nether
[16:07:03] [Server thread/INFO]: Saving chunks for level '新的世界的副本'/the_end
[16:07:03] [Client thread/INFO]: Stopping!
[16:07:03] [Client thread/INFO]: SoundSystem shutting down...
[16:07:04] [Client thread/WARN]: Author: Paul Lamb, www.paulscode.com
